<?xml version="1.0" encoding="UTF-8"?>
<!-- Generated by org.testng.reporters.JUnitReportReporter -->
<testsuite skipped="0" hostname="LAPTOP-KV1JTPOJ" name="com.actitime.timetrack.Demo" tests="1" failures="0" timestamp="2020-08-06T16:51:48 IST" time="0.012" errors="0">
  <testcase name="demo" time="0.012" classname="com.actitime.timetrack.Demo"/>
  <system-out>
succcessfully done  </system-out>
</testsuite> <!-- com.actitime.timetrack.Demo -->
